#
# There is insufficient memory for the Java Runtime Environment to continue.
# Native memory allocation (malloc) failed to allocate 38736 bytes for Chunk::new
# Possible reasons:
#   The system is out of physical RAM or swap space
#   The process is running with CompressedOops enabled, and the Java Heap may be blocking the growth of the native heap
# Possible solutions:
#   Reduce memory load on the system
#   Increase physical memory or swap space
#   Check if swap backing store is full
#   Decrease Java heap size (-Xmx/-Xms)
#   Decrease number of Java threads
#   Decrease Java thread stack sizes (-Xss)
#   Set larger code cache with -XX:ReservedCodeCacheSize=
#   JVM is running with Zero Based Compressed Oops mode in which the Java heap is
#     placed in the first 32GB address space. The Java Heap base address is the
#     maximum limit for the native heap growth. Please use -XX:HeapBaseMinAddress
#     to set the Java Heap base and to place the Java Heap above 32GB virtual address.
# This output file may be truncated or incomplete.
#
#  Out of Memory Error (./src/hotspot/share/memory/arena.cpp:197), pid=31136, tid=9716
#
# JRE version: OpenJDK Runtime Environment Temurin-11.0.14.1+1 (11.0.14.1+1) (build 11.0.14.1+1)
# Java VM: OpenJDK 64-Bit Server VM Temurin-11.0.14.1+1 (11.0.14.1+1, mixed mode, tiered, compressed oops, g1 gc, windows-amd64)
# No core dump will be written. Minidumps are not enabled by default on client versions of Windows
#

---------------  S U M M A R Y ------------

Command Line: -Dfile.encoding=UTF-8 -Dcom.android.sdklib.toolsdir=C:\Program Files\Unity\Hub\Editor\2022.3.21f1\Editor\Data\PlaybackEngines\AndroidPlayer\SDK\cmdline-tools\6.0\bin\\.. com.android.sdklib.tool.sdkmanager.SdkManagerCli --list

Host: 12th Gen Intel(R) Core(TM) i7-1260P, 16 cores, 15G,  Windows 11 , 64 bit Build 22621 (10.0.22621.3374)
Time: Sun Apr 28 15:29:13 2024 대한민국 표준시 elapsed time: 2.881621 seconds (0d 0h 0m 2s)

---------------  T H R E A D  ---------------

Current thread (0x00000175cada1800):  JavaThread "C2 CompilerThread0" daemon [_thread_in_native, id=9716, stack(0x0000005e3c900000,0x0000005e3ca00000)]


Current CompileTask:
C2:   2881 3052       4       sun.security.util.math.intpoly.IntegerPolynomial25519::carryReduce (351 bytes)

Stack: [0x0000005e3c900000,0x0000005e3ca00000]
Native frames: (J=compiled Java code, j=interpreted, Vv=VM code, C=native code)
V  [jvm.dll+0x61e59a]
V  [jvm.dll+0x7aaca9]
V  [jvm.dll+0x7ac398]
V  [jvm.dll+0x7aca73]
V  [jvm.dll+0x24f9b8]
V  [jvm.dll+0xc260c]
V  [jvm.dll+0xc2bcc]
V  [jvm.dll+0x3599c2]
V  [jvm.dll+0x19e841]
V  [jvm.dll+0x208d12]
V  [jvm.dll+0x207ded]
V  [jvm.dll+0x18a2c1]
V  [jvm.dll+0x217734]
V  [jvm.dll+0x21597b]
V  [jvm.dll+0x76d7c0]
V  [jvm.dll+0x766724]
V  [jvm.dll+0x61d3f6]
C  [ucrtbase.dll+0x29333]
C  [KERNEL32.DLL+0x1257d]
C  [ntdll.dll+0x5aa48]


---------------  P R O C E S S  ---------------

Threads class SMR info:
_java_thread_list=0x00000175ccb55bb0, length=33, elements={
0x00000175a4010800, 0x00000175cad09800, 0x00000175cad2c000, 0x00000175cad9d000,
0x00000175ca479000, 0x00000175ca47c000, 0x00000175cada1800, 0x00000175cada2800,
0x00000175cadab800, 0x00000175caf23800, 0x00000175caf32800, 0x00000175cb61f000,
0x00000175cb623800, 0x00000175cc094000, 0x00000175cc1ac800, 0x00000175cc1ad800,
0x00000175cc1ae000, 0x00000175cc27b800, 0x00000175cc27c800, 0x00000175cc27d800,
0x00000175cc27e000, 0x00000175cc239000, 0x00000175cc237000, 0x00000175cc239800,
0x00000175cc238000, 0x00000175cc04b800, 0x00000175cc04c000, 0x00000175cc04a800,
0x00000175cc04d000, 0x00000175cc04e000, 0x00000175cc049800, 0x00000175cc62c000,
0x00000175cc122000
}

Java Threads: ( => current thread )
  0x00000175a4010800 JavaThread "main" [_thread_blocked, id=49096, stack(0x0000005e3bd00000,0x0000005e3be00000)]
  0x00000175cad09800 JavaThread "Reference Handler" daemon [_thread_blocked, id=21212, stack(0x0000005e3c400000,0x0000005e3c500000)]
  0x00000175cad2c000 JavaThread "Finalizer" daemon [_thread_blocked, id=18284, stack(0x0000005e3c500000,0x0000005e3c600000)]
  0x00000175cad9d000 JavaThread "Signal Dispatcher" daemon [_thread_blocked, id=28892, stack(0x0000005e3c600000,0x0000005e3c700000)]
  0x00000175ca479000 JavaThread "Attach Listener" daemon [_thread_blocked, id=14532, stack(0x0000005e3c700000,0x0000005e3c800000)]
  0x00000175ca47c000 JavaThread "Service Thread" daemon [_thread_blocked, id=22664, stack(0x0000005e3c800000,0x0000005e3c900000)]
=>0x00000175cada1800 JavaThread "C2 CompilerThread0" daemon [_thread_in_native, id=9716, stack(0x0000005e3c900000,0x0000005e3ca00000)]
  0x00000175cada2800 JavaThread "C1 CompilerThread0" daemon [_thread_blocked, id=4708, stack(0x0000005e3ca00000,0x0000005e3cb00000)]
  0x00000175cadab800 JavaThread "Sweeper thread" daemon [_thread_blocked, id=7580, stack(0x0000005e3cb00000,0x0000005e3cc00000)]
  0x00000175caf23800 JavaThread "C1 CompilerThread1" daemon [_thread_blocked, id=1912, stack(0x0000005e3cc00000,0x0000005e3cd00000)]
  0x00000175caf32800 JavaThread "Common-Cleaner" daemon [_thread_blocked, id=23636, stack(0x0000005e3ce00000,0x0000005e3cf00000)]
  0x00000175cb61f000 JavaThread "C1 CompilerThread2" daemon [_thread_blocked, id=10156, stack(0x0000005e3d000000,0x0000005e3d100000)]
  0x00000175cb623800 JavaThread "C1 CompilerThread3" daemon [_thread_blocked, id=20120, stack(0x0000005e3d100000,0x0000005e3d200000)]
  0x00000175cc094000 JavaThread "pool-1-thread-2" [_thread_in_native, id=26980, stack(0x0000005e3d800000,0x0000005e3d900000)]
  0x00000175cc1ac800 JavaThread "pool-1-thread-4" [_thread_in_native, id=21952, stack(0x0000005e3da00000,0x0000005e3db00000)]
  0x00000175cc1ad800 JavaThread "pool-1-thread-5" [_thread_in_native, id=23596, stack(0x0000005e3db00000,0x0000005e3dc00000)]
  0x00000175cc1ae000 JavaThread "pool-1-thread-6" [_thread_in_native, id=40480, stack(0x0000005e3dc00000,0x0000005e3dd00000)]
  0x00000175cc27b800 JavaThread "pool-1-thread-7" [_thread_in_native, id=12624, stack(0x0000005e3dd00000,0x0000005e3de00000)]
  0x00000175cc27c800 JavaThread "pool-1-thread-8" [_thread_in_native, id=25956, stack(0x0000005e3de00000,0x0000005e3df00000)]
  0x00000175cc27d800 JavaThread "pool-1-thread-9" [_thread_in_native, id=43736, stack(0x0000005e3df00000,0x0000005e3e000000)]
  0x00000175cc27e000 JavaThread "pool-1-thread-10" [_thread_in_native, id=1316, stack(0x0000005e3e000000,0x0000005e3e100000)]
  0x00000175cc239000 JavaThread "pool-1-thread-11" [_thread_in_native, id=4520, stack(0x0000005e3e100000,0x0000005e3e200000)]
  0x00000175cc237000 JavaThread "pool-1-thread-12" [_thread_in_native, id=28696, stack(0x0000005e3e200000,0x0000005e3e300000)]
  0x00000175cc239800 JavaThread "pool-1-thread-13" [_thread_in_native, id=7388, stack(0x0000005e3e300000,0x0000005e3e400000)]
  0x00000175cc238000 JavaThread "pool-1-thread-14" [_thread_in_native, id=41104, stack(0x0000005e3e400000,0x0000005e3e500000)]
  0x00000175cc04b800 JavaThread "pool-1-thread-15" [_thread_in_native, id=14076, stack(0x0000005e3e500000,0x0000005e3e600000)]
  0x00000175cc04c000 JavaThread "pool-1-thread-16" [_thread_in_native, id=25584, stack(0x0000005e3e600000,0x0000005e3e700000)]
  0x00000175cc04a800 JavaThread "pool-1-thread-17" [_thread_in_native, id=38308, stack(0x0000005e3e700000,0x0000005e3e800000)]
  0x00000175cc04d000 JavaThread "pool-1-thread-18" [_thread_in_native, id=36936, stack(0x0000005e3e800000,0x0000005e3e900000)]
  0x00000175cc04e000 JavaThread "pool-1-thread-19" [_thread_in_native, id=38512, stack(0x0000005e3e900000,0x0000005e3ea00000)]
  0x00000175cc049800 JavaThread "pool-1-thread-20" [_thread_in_native, id=12904, stack(0x0000005e3ea00000,0x0000005e3eb00000)]
  0x00000175cc62c000 JavaThread "C2 CompilerThread1" daemon [_thread_blocked, id=39076, stack(0x0000005e3cf00000,0x0000005e3d000000)]
  0x00000175cc122000 JavaThread "C2 CompilerThread2" daemon [_thread_blocked, id=42580, stack(0x0000005e3d700000,0x0000005e3d800000)]

Other Threads:
  0x00000175cad07800 VMThread "VM Thread" [stack: 0x0000005e3c300000,0x0000005e3c400000] [id=33708]
  0x00000175caf2d800 WatcherThread [stack: 0x0000005e3cd00000,0x0000005e3ce00000] [id=46684]
  0x00000175a4029000 GCTaskThread "GC Thread#0" [stack: 0x0000005e3be00000,0x0000005e3bf00000] [id=17896]
  0x00000175cc207800 GCTaskThread "GC Thread#1" [stack: 0x0000005e3d200000,0x0000005e3d300000] [id=43800]
  0x00000175cc216000 GCTaskThread "GC Thread#2" [stack: 0x0000005e3d300000,0x0000005e3d400000] [id=33496]
  0x00000175cc210800 GCTaskThread "GC Thread#3" [stack: 0x0000005e3d400000,0x0000005e3d500000] [id=41376]
  0x00000175cc211000 GCTaskThread "GC Thread#4" [stack: 0x0000005e3d500000,0x0000005e3d600000] [id=29816]
  0x00000175cc061800 GCTaskThread "GC Thread#5" [stack: 0x0000005e3d600000,0x0000005e3d700000] [id=27996]
  0x00000175cc68d800 GCTaskThread "GC Thread#6" [stack: 0x0000005e3eb00000,0x0000005e3ec00000] [id=29660]
  0x00000175cc68e000 GCTaskThread "GC Thread#7" [stack: 0x0000005e3ec00000,0x0000005e3ed00000] [id=25544]
  0x00000175cc68f000 GCTaskThread "GC Thread#8" [stack: 0x0000005e3ed00000,0x0000005e3ee00000] [id=5412]
  0x00000175cc334000 GCTaskThread "GC Thread#9" [stack: 0x0000005e3ee00000,0x0000005e3ef00000] [id=24612]
  0x00000175cc334800 GCTaskThread "GC Thread#10" [stack: 0x0000005e3ef00000,0x0000005e3f000000] [id=47720]
  0x00000175cc335800 GCTaskThread "GC Thread#11" [stack: 0x0000005e3f000000,0x0000005e3f100000] [id=6004]
  0x00000175cc729000 GCTaskThread "GC Thread#12" [stack: 0x0000005e3f100000,0x0000005e3f200000] [id=48736]
  0x00000175a408a000 ConcurrentGCThread "G1 Main Marker" [stack: 0x0000005e3bf00000,0x0000005e3c000000] [id=38776]
  0x00000175a408c000 ConcurrentGCThread "G1 Conc#0" [stack: 0x0000005e3c000000,0x0000005e3c100000] [id=36760]
  0x00000175cc8e1800 ConcurrentGCThread "G1 Conc#1" [stack: 0x0000005e3f200000,0x0000005e3f300000] [id=41028]
  0x00000175cc2ed800 ConcurrentGCThread "G1 Conc#2" [stack: 0x0000005e3f400000,0x0000005e3f500000] [id=13684]
  0x00000175ca364800 ConcurrentGCThread "G1 Refine#0" [stack: 0x0000005e3c100000,0x0000005e3c200000] [id=1072]
  0x00000175cc8e2000 ConcurrentGCThread "G1 Refine#1" [stack: 0x0000005e3f300000,0x0000005e3f400000] [id=39360]
  0x00000175cc2ee800 ConcurrentGCThread "G1 Refine#2" [stack: 0x0000005e3f500000,0x0000005e3f600000] [id=43172]
  0x00000175ca365800 ConcurrentGCThread "G1 Young RemSet Sampling" [stack: 0x0000005e3c200000,0x0000005e3c300000] [id=38752]

Threads with active compile tasks:
C2 CompilerThread0   2905 3052       4       sun.security.util.math.intpoly.IntegerPolynomial25519::carryReduce (351 bytes)

VM state:not at safepoint (normal execution)

VM Mutex/Monitor currently owned by a thread: None

Heap address: 0x0000000706000000, size: 4000 MB, Compressed Oops mode: Zero based, Oop shift amount: 3
Narrow klass base: 0x0000000800000000, Narrow klass shift: 0
Compressed class space size: 1073741824 Address: 0x0000000800000000

Heap:
 garbage-first heap   total 256000K, used 38321K [0x0000000706000000, 0x0000000800000000)
  region size 1024K, 39 young (39936K), 8 survivors (8192K)
 Metaspace       used 24029K, capacity 24501K, committed 24624K, reserved 1071104K
  class space    used 2438K, capacity 2597K, committed 2688K, reserved 1048576K
Heap Regions: E=young(eden), S=young(survivor), O=old, HS=humongous(starts), HC=humongous(continues), CS=collection set, F=free, A=archive, TAMS=top-at-mark-start (previous, next)
|   0|0x0000000706000000, 0x0000000706000000, 0x0000000706100000|  0%| F|  |TAMS 0x0000000706000000, 0x0000000706000000| Untracked 
|   1|0x0000000706100000, 0x00000007061de000, 0x0000000706200000| 86%| O|  |TAMS 0x00000007061de000, 0x0000000706100000| Untracked 
|   2|0x0000000706200000, 0x0000000706200000, 0x0000000706300000|  0%| F|  |TAMS 0x0000000706200000, 0x0000000706200000| Untracked 
|   3|0x0000000706300000, 0x0000000706300000, 0x0000000706400000|  0%| F|  |TAMS 0x0000000706300000, 0x0000000706300000| Untracked 
|   4|0x0000000706400000, 0x0000000706400000, 0x0000000706500000|  0%| F|  |TAMS 0x0000000706400000, 0x0000000706400000| Untracked 
|   5|0x0000000706500000, 0x0000000706500000, 0x0000000706600000|  0%| F|  |TAMS 0x0000000706500000, 0x0000000706500000| Untracked 
|   6|0x0000000706600000, 0x0000000706600000, 0x0000000706700000|  0%| F|  |TAMS 0x0000000706600000, 0x0000000706600000| Untracked 
|   7|0x0000000706700000, 0x0000000706700000, 0x0000000706800000|  0%| F|  |TAMS 0x0000000706700000, 0x0000000706700000| Untracked 
|   8|0x0000000706800000, 0x0000000706800000, 0x0000000706900000|  0%| F|  |TAMS 0x0000000706800000, 0x0000000706800000| Untracked 
|   9|0x0000000706900000, 0x0000000706900000, 0x0000000706a00000|  0%| F|  |TAMS 0x0000000706900000, 0x0000000706900000| Untracked 
|  10|0x0000000706a00000, 0x0000000706a00000, 0x0000000706b00000|  0%| F|  |TAMS 0x0000000706a00000, 0x0000000706a00000| Untracked 
|  11|0x0000000706b00000, 0x0000000706b00000, 0x0000000706c00000|  0%| F|  |TAMS 0x0000000706b00000, 0x0000000706b00000| Untracked 
|  12|0x0000000706c00000, 0x0000000706c00000, 0x0000000706d00000|  0%| F|  |TAMS 0x0000000706c00000, 0x0000000706c00000| Untracked 
|  13|0x0000000706d00000, 0x0000000706d00000, 0x0000000706e00000|  0%| F|  |TAMS 0x0000000706d00000, 0x0000000706d00000| Untracked 
|  14|0x0000000706e00000, 0x0000000706e00000, 0x0000000706f00000|  0%| F|  |TAMS 0x0000000706e00000, 0x0000000706e00000| Untracked 
|  15|0x0000000706f00000, 0x0000000706f00000, 0x0000000707000000|  0%| F|  |TAMS 0x0000000706f00000, 0x0000000706f00000| Untracked 
|  16|0x0000000707000000, 0x0000000707000000, 0x0000000707100000|  0%| F|  |TAMS 0x0000000707000000, 0x0000000707000000| Untracked 
|  17|0x0000000707100000, 0x0000000707100000, 0x0000000707200000|  0%| F|  |TAMS 0x0000000707100000, 0x0000000707100000| Untracked 
|  18|0x0000000707200000, 0x0000000707200000, 0x0000000707300000|  0%| F|  |TAMS 0x0000000707200000, 0x0000000707200000| Untracked 
|  19|0x0000000707300000, 0x0000000707300000, 0x0000000707400000|  0%| F|  |TAMS 0x0000000707300000, 0x0000000707300000| Untracked 
|  20|0x0000000707400000, 0x0000000707400000, 0x0000000707500000|  0%| F|  |TAMS 0x0000000707400000, 0x0000000707400000| Untracked 
|  21|0x0000000707500000, 0x0000000707500000, 0x0000000707600000|  0%| F|  |TAMS 0x0000000707500000, 0x0000000707500000| Untracked 
|  22|0x0000000707600000, 0x0000000707600000, 0x0000000707700000|  0%| F|  |TAMS 0x0000000707600000, 0x0000000707600000| Untracked 
|  23|0x0000000707700000, 0x0000000707700000, 0x0000000707800000|  0%| F|  |TAMS 0x0000000707700000, 0x0000000707700000| Untracked 
|  24|0x0000000707800000, 0x0000000707800000, 0x0000000707900000|  0%| F|  |TAMS 0x0000000707800000, 0x0000000707800000| Untracked 
|  25|0x0000000707900000, 0x0000000707900000, 0x0000000707a00000|  0%| F|  |TAMS 0x0000000707900000, 0x0000000707900000| Untracked 
|  26|0x0000000707a00000, 0x0000000707a00000, 0x0000000707b00000|  0%| F|  |TAMS 0x0000000707a00000, 0x0000000707a00000| Untracked 
|  27|0x0000000707b00000, 0x0000000707b00000, 0x0000000707c00000|  0%| F|  |TAMS 0x0000000707b00000, 0x0000000707b00000| Untracked 
|  28|0x0000000707c00000, 0x0000000707c00000, 0x0000000707d00000|  0%| F|  |TAMS 0x0000000707c00000, 0x0000000707c00000| Untracked 
|  29|0x0000000707d00000, 0x0000000707d00000, 0x0000000707e00000|  0%| F|  |TAMS 0x0000000707d00000, 0x0000000707d00000| Untracked 
|  30|0x0000000707e00000, 0x0000000707e00000, 0x0000000707f00000|  0%| F|  |TAMS 0x0000000707e00000, 0x0000000707e00000| Untracked 
|  31|0x0000000707f00000, 0x0000000707f00000, 0x0000000708000000|  0%| F|  |TAMS 0x0000000707f00000, 0x0000000707f00000| Untracked 
|  32|0x0000000708000000, 0x0000000708000000, 0x0000000708100000|  0%| F|  |TAMS 0x0000000708000000, 0x0000000708000000| Untracked 
|  33|0x0000000708100000, 0x0000000708100000, 0x0000000708200000|  0%| F|  |TAMS 0x0000000708100000, 0x0000000708100000| Untracked 
|  34|0x0000000708200000, 0x0000000708200000, 0x0000000708300000|  0%| F|  |TAMS 0x0000000708200000, 0x0000000708200000| Untracked 
|  35|0x0000000708300000, 0x0000000708300000, 0x0000000708400000|  0%| F|  |TAMS 0x0000000708300000, 0x0000000708300000| Untracked 
|  36|0x0000000708400000, 0x0000000708400000, 0x0000000708500000|  0%| F|  |TAMS 0x0000000708400000, 0x0000000708400000| Untracked 
|  37|0x0000000708500000, 0x0000000708500000, 0x0000000708600000|  0%| F|  |TAMS 0x0000000708500000, 0x0000000708500000| Untracked 
|  38|0x0000000708600000, 0x0000000708600000, 0x0000000708700000|  0%| F|  |TAMS 0x0000000708600000, 0x0000000708600000| Untracked 
|  39|0x0000000708700000, 0x0000000708700000, 0x0000000708800000|  0%| F|  |TAMS 0x0000000708700000, 0x0000000708700000| Untracked 
|  40|0x0000000708800000, 0x0000000708800000, 0x0000000708900000|  0%| F|  |TAMS 0x0000000708800000, 0x0000000708800000| Untracked 
|  41|0x0000000708900000, 0x0000000708900000, 0x0000000708a00000|  0%| F|  |TAMS 0x0000000708900000, 0x0000000708900000| Untracked 
|  42|0x0000000708a00000, 0x0000000708a00000, 0x0000000708b00000|  0%| F|  |TAMS 0x0000000708a00000, 0x0000000708a00000| Untracked 
|  43|0x0000000708b00000, 0x0000000708b00000, 0x0000000708c00000|  0%| F|  |TAMS 0x0000000708b00000, 0x0000000708b00000| Untracked 
|  44|0x0000000708c00000, 0x0000000708c00000, 0x0000000708d00000|  0%| F|  |TAMS 0x0000000708c00000, 0x0000000708c00000| Untracked 
|  45|0x0000000708d00000, 0x0000000708d00000, 0x0000000708e00000|  0%| F|  |TAMS 0x0000000708d00000, 0x0000000708d00000| Untracked 
|  46|0x0000000708e00000, 0x0000000708e00000, 0x0000000708f00000|  0%| F|  |TAMS 0x0000000708e00000, 0x0000000708e00000| Untracked 
|  47|0x0000000708f00000, 0x0000000708f00000, 0x0000000709000000|  0%| F|  |TAMS 0x0000000708f00000, 0x0000000708f00000| Untracked 
|  48|0x0000000709000000, 0x0000000709000000, 0x0000000709100000|  0%| F|  |TAMS 0x0000000709000000, 0x0000000709000000| Untracked 
|  49|0x0000000709100000, 0x0000000709100000, 0x0000000709200000|  0%| F|  |TAMS 0x0000000709100000, 0x0000000709100000| Untracked 
|  50|0x0000000709200000, 0x0000000709200000, 0x0000000709300000|  0%| F|  |TAMS 0x0000000709200000, 0x0000000709200000| Untracked 
|  51|0x0000000709300000, 0x0000000709300000, 0x0000000709400000|  0%| F|  |TAMS 0x0000000709300000, 0x0000000709300000| Untracked 
|  52|0x0000000709400000, 0x0000000709400000, 0x0000000709500000|  0%| F|  |TAMS 0x0000000709400000, 0x0000000709400000| Untracked 
|  53|0x0000000709500000, 0x0000000709500000, 0x0000000709600000|  0%| F|  |TAMS 0x0000000709500000, 0x0000000709500000| Untracked 
|  54|0x0000000709600000, 0x0000000709600000, 0x0000000709700000|  0%| F|  |TAMS 0x0000000709600000, 0x0000000709600000| Untracked 
|  55|0x0000000709700000, 0x0000000709700000, 0x0000000709800000|  0%| F|  |TAMS 0x0000000709700000, 0x0000000709700000| Untracked 
|  56|0x0000000709800000, 0x0000000709800000, 0x0000000709900000|  0%| F|  |TAMS 0x0000000709800000, 0x0000000709800000| Untracked 
|  57|0x0000000709900000, 0x0000000709900000, 0x0000000709a00000|  0%| F|  |TAMS 0x0000000709900000, 0x0000000709900000| Untracked 
|  58|0x0000000709a00000, 0x0000000709a00000, 0x0000000709b00000|  0%| F|  |TAMS 0x0000000709a00000, 0x0000000709a00000| Untracked 
|  59|0x0000000709b00000, 0x0000000709b00000, 0x0000000709c00000|  0%| F|  |TAMS 0x0000000709b00000, 0x0000000709b00000| Untracked 
|  60|0x0000000709c00000, 0x0000000709c00000, 0x0000000709d00000|  0%| F|  |TAMS 0x0000000709c00000, 0x0000000709c00000| Untracked 
|  61|0x0000000709d00000, 0x0000000709d00000, 0x0000000709e00000|  0%| F|  |TAMS 0x0000000709d00000, 0x0000000709d00000| Untracked 
|  62|0x0000000709e00000, 0x0000000709e00000, 0x0000000709f00000|  0%| F|  |TAMS 0x0000000709e00000, 0x0000000709e00000| Untracked 
|  63|0x0000000709f00000, 0x0000000709f00000, 0x000000070a000000|  0%| F|  |TAMS 0x0000000709f00000, 0x0000000709f00000| Untracked 
|  64|0x000000070a000000, 0x000000070a000000, 0x000000070a100000|  0%| F|  |TAMS 0x000000070a000000, 0x000000070a000000| Untracked 
|  65|0x000000070a100000, 0x000000070a100000, 0x000000070a200000|  0%| F|  |TAMS 0x000000070a100000, 0x000000070a100000| Untracked 
|  66|0x000000070a200000, 0x000000070a200000, 0x000000070a300000|  0%| F|  |TAMS 0x000000070a200000, 0x000000070a200000| Untracked 
|  67|0x000000070a300000, 0x000000070a300000, 0x000000070a400000|  0%| F|  |TAMS 0x000000070a300000, 0x000000070a300000| Untracked 
|  68|0x000000070a400000, 0x000000070a400000, 0x000000070a500000|  0%| F|  |TAMS 0x000000070a400000, 0x000000070a400000| Untracked 
|  69|0x000000070a500000, 0x000000070a500000, 0x000000070a600000|  0%| F|  |TAMS 0x000000070a500000, 0x000000070a500000| Untracked 
|  70|0x000000070a600000, 0x000000070a600000, 0x000000070a700000|  0%| F|  |TAMS 0x000000070a600000, 0x000000070a600000| Untracked 
|  71|0x000000070a700000, 0x000000070a700000, 0x000000070a800000|  0%| F|  |TAMS 0x000000070a700000, 0x000000070a700000| Untracked 
|  72|0x000000070a800000, 0x000000070a800000, 0x000000070a900000|  0%| F|  |TAMS 0x000000070a800000, 0x000000070a800000| Untracked 
|  73|0x000000070a900000, 0x000000070a900000, 0x000000070aa00000|  0%| F|  |TAMS 0x000000070a900000, 0x000000070a900000| Untracked 
|  74|0x000000070aa00000, 0x000000070aa00000, 0x000000070ab00000|  0%| F|  |TAMS 0x000000070aa00000, 0x000000070aa00000| Untracked 
|  75|0x000000070ab00000, 0x000000070ab00000, 0x000000070ac00000|  0%| F|  |TAMS 0x000000070ab00000, 0x000000070ab00000| Untracked 
|  76|0x000000070ac00000, 0x000000070ac00000, 0x000000070ad00000|  0%| F|  |TAMS 0x000000070ac00000, 0x000000070ac00000| Untracked 
|  77|0x000000070ad00000, 0x000000070ad00000, 0x000000070ae00000|  0%| F|  |TAMS 0x000000070ad00000, 0x000000070ad00000| Untracked 
|  78|0x000000070ae00000, 0x000000070ae00000, 0x000000070af00000|  0%| F|  |TAMS 0x000000070ae00000, 0x000000070ae00000| Untracked 
|  79|0x000000070af00000, 0x000000070af00000, 0x000000070b000000|  0%| F|  |TAMS 0x000000070af00000, 0x000000070af00000| Untracked 
|  80|0x000000070b000000, 0x000000070b000000, 0x000000070b100000|  0%| F|  |TAMS 0x000000070b000000, 0x000000070b000000| Untracked 
|  81|0x000000070b100000, 0x000000070b100000, 0x000000070b200000|  0%| F|  |TAMS 0x000000070b100000, 0x000000070b100000| Untracked 
|  82|0x000000070b200000, 0x000000070b200000, 0x000000070b300000|  0%| F|  |TAMS 0x000000070b200000, 0x000000070b200000| Untracked 
|  83|0x000000070b300000, 0x000000070b300000, 0x000000070b400000|  0%| F|  |TAMS 0x000000070b300000, 0x000000070b300000| Untracked 
|  84|0x000000070b400000, 0x000000070b400000, 0x000000070b500000|  0%| F|  |TAMS 0x000000070b400000, 0x000000070b400000| Untracked 
|  85|0x000000070b500000, 0x000000070b500000, 0x000000070b600000|  0%| F|  |TAMS 0x000000070b500000, 0x000000070b500000| Untracked 
|  86|0x000000070b600000, 0x000000070b600000, 0x000000070b700000|  0%| F|  |TAMS 0x000000070b600000, 0x000000070b600000| Untracked 
|  87|0x000000070b700000, 0x000000070b700000, 0x000000070b800000|  0%| F|  |TAMS 0x000000070b700000, 0x000000070b700000| Untracked 
|  88|0x000000070b800000, 0x000000070b800000, 0x000000070b900000|  0%| F|  |TAMS 0x000000070b800000, 0x000000070b800000| Untracked 
|  89|0x000000070b900000, 0x000000070b900000, 0x000000070ba00000|  0%| F|  |TAMS 0x000000070b900000, 0x000000070b900000| Untracked 
|  90|0x000000070ba00000, 0x000000070ba00000, 0x000000070bb00000|  0%| F|  |TAMS 0x000000070ba00000, 0x000000070ba00000| Untracked 
|  91|0x000000070bb00000, 0x000000070bb00000, 0x000000070bc00000|  0%| F|  |TAMS 0x000000070bb00000, 0x000000070bb00000| Untracked 
|  92|0x000000070bc00000, 0x000000070bc00000, 0x000000070bd00000|  0%| F|  |TAMS 0x000000070bc00000, 0x000000070bc00000| Untracked 
|  93|0x000000070bd00000, 0x000000070bd00000, 0x000000070be00000|  0%| F|  |TAMS 0x000000070bd00000, 0x000000070bd00000| Untracked 
|  94|0x000000070be00000, 0x000000070be00000, 0x000000070bf00000|  0%| F|  |TAMS 0x000000070be00000, 0x000000070be00000| Untracked 
|  95|0x000000070bf00000, 0x000000070bf00000, 0x000000070c000000|  0%| F|  |TAMS 0x000000070bf00000, 0x000000070bf00000| Untracked 
|  96|0x000000070c000000, 0x000000070c000000, 0x000000070c100000|  0%| F|  |TAMS 0x000000070c000000, 0x000000070c000000| Untracked 
|  97|0x000000070c100000, 0x000000070c100000, 0x000000070c200000|  0%| F|  |TAMS 0x000000070c100000, 0x000000070c100000| Untracked 
|  98|0x000000070c200000, 0x000000070c200000, 0x000000070c300000|  0%| F|  |TAMS 0x000000070c200000, 0x000000070c200000| Untracked 
|  99|0x000000070c300000, 0x000000070c300000, 0x000000070c400000|  0%| F|  |TAMS 0x000000070c300000, 0x000000070c300000| Untracked 
| 100|0x000000070c400000, 0x000000070c400000, 0x000000070c500000|  0%| F|  |TAMS 0x000000070c400000, 0x000000070c400000| Untracked 
| 101|0x000000070c500000, 0x000000070c500000, 0x000000070c600000|  0%| F|  |TAMS 0x000000070c500000, 0x000000070c500000| Untracked 
| 102|0x000000070c600000, 0x000000070c600000, 0x000000070c700000|  0%| F|  |TAMS 0x000000070c600000, 0x000000070c600000| Untracked 
| 103|0x000000070c700000, 0x000000070c700000, 0x000000070c800000|  0%| F|  |TAMS 0x000000070c700000, 0x000000070c700000| Untracked 
| 104|0x000000070c800000, 0x000000070c800000, 0x000000070c900000|  0%| F|  |TAMS 0x000000070c800000, 0x000000070c800000| Untracked 
| 105|0x000000070c900000, 0x000000070c900000, 0x000000070ca00000|  0%| F|  |TAMS 0x000000070c900000, 0x000000070c900000| Untracked 
| 106|0x000000070ca00000, 0x000000070ca00000, 0x000000070cb00000|  0%| F|  |TAMS 0x000000070ca00000, 0x000000070ca00000| Untracked 
| 107|0x000000070cb00000, 0x000000070cb00000, 0x000000070cc00000|  0%| F|  |TAMS 0x000000070cb00000, 0x000000070cb00000| Untracked 
| 108|0x000000070cc00000, 0x000000070cc00000, 0x000000070cd00000|  0%| F|  |TAMS 0x000000070cc00000, 0x000000070cc00000| Untracked 
| 109|0x000000070cd00000, 0x000000070cd00000, 0x000000070ce00000|  0%| F|  |TAMS 0x000000070cd00000, 0x000000070cd00000| Untracked 
| 110|0x000000070ce00000, 0x000000070ce00000, 0x000000070cf00000|  0%| F|  |TAMS 0x000000070ce00000, 0x000000070ce00000| Untracked 
| 111|0x000000070cf00000, 0x000000070cf00000, 0x000000070d000000|  0%| F|  |TAMS 0x000000070cf00000, 0x000000070cf00000| Untracked 
| 112|0x000000070d000000, 0x000000070d000000, 0x000000070d100000|  0%| F|  |TAMS 0x000000070d000000, 0x000000070d000000| Untracked 
| 113|0x000000070d100000, 0x000000070d100000, 0x000000070d200000|  0%| F|  |TAMS 0x000000070d100000, 0x000000070d100000| Untracked 
| 114|0x000000070d200000, 0x000000070d200000, 0x000000070d300000|  0%| F|  |TAMS 0x000000070d200000, 0x000000070d200000| Untracked 
| 115|0x000000070d300000, 0x000000070d300000, 0x000000070d400000|  0%| F|  |TAMS 0x000000070d300000, 0x000000070d300000| Untracked 
| 116|0x000000070d400000, 0x000000070d400000, 0x000000070d500000|  0%| F|  |TAMS 0x000000070d400000, 0x000000070d400000| Untracked 
| 117|0x000000070d500000, 0x000000070d500000, 0x000000070d600000|  0%| F|  |TAMS 0x000000070d500000, 0x000000070d500000| Untracked 
| 118|0x000000070d600000, 0x000000070d600000, 0x000000070d700000|  0%| F|  |TAMS 0x000000070d600000, 0x000000070d600000| Untracked 
| 119|0x000000070d700000, 0x000000070d700000, 0x000000070d800000|  0%| F|  |TAMS 0x000000070d700000, 0x000000070d700000| Untracked 
| 120|0x000000070d800000, 0x000000070d800000, 0x000000070d900000|  0%| F|  |TAMS 0x000000070d800000, 0x000000070d800000| Untracked 
| 121|0x000000070d900000, 0x000000070d900000, 0x000000070da00000|  0%| F|  |TAMS 0x000000070d900000, 0x000000070d900000| Untracked 
| 122|0x000000070da00000, 0x000000070da00000, 0x000000070db00000|  0%| F|  |TAMS 0x000000070da00000, 0x000000070da00000| Untracked 
| 123|0x000000070db00000, 0x000000070db00000, 0x000000070dc00000|  0%| F|  |TAMS 0x000000070db00000, 0x000000070db00000| Untracked 
| 124|0x000000070dc00000, 0x000000070dc00000, 0x000000070dd00000|  0%| F|  |TAMS 0x000000070dc00000, 0x000000070dc00000| Untracked 
| 125|0x000000070dd00000, 0x000000070dd00000, 0x000000070de00000|  0%| F|  |TAMS 0x000000070dd00000, 0x000000070dd00000| Untracked 
| 126|0x000000070de00000, 0x000000070de00000, 0x000000070df00000|  0%| F|  |TAMS 0x000000070de00000, 0x000000070de00000| Untracked 
| 127|0x000000070df00000, 0x000000070df00000, 0x000000070e000000|  0%| F|  |TAMS 0x000000070df00000, 0x000000070df00000| Untracked 
| 128|0x000000070e000000, 0x000000070e000000, 0x000000070e100000|  0%| F|  |TAMS 0x000000070e000000, 0x000000070e000000| Untracked 
| 129|0x000000070e100000, 0x000000070e100000, 0x000000070e200000|  0%| F|  |TAMS 0x000000070e100000, 0x000000070e100000| Untracked 
| 130|0x000000070e200000, 0x000000070e200000, 0x000000070e300000|  0%| F|  |TAMS 0x000000070e200000, 0x000000070e200000| Untracked 
| 131|0x000000070e300000, 0x000000070e300000, 0x000000070e400000|  0%| F|  |TAMS 0x000000070e300000, 0x000000070e300000| Untracked 
| 132|0x000000070e400000, 0x000000070e400000, 0x000000070e500000|  0%| F|  |TAMS 0x000000070e400000, 0x000000070e400000| Untracked 
| 133|0x000000070e500000, 0x000000070e500000, 0x000000070e600000|  0%| F|  |TAMS 0x000000070e500000, 0x000000070e500000| Untracked 
| 134|0x000000070e600000, 0x000000070e600000, 0x000000070e700000|  0%| F|  |TAMS 0x000000070e600000, 0x000000070e600000| Untracked 
| 135|0x000000070e700000, 0x000000070e700000, 0x000000070e800000|  0%| F|  |TAMS 0x000000070e700000, 0x000000070e700000| Untracked 
| 136|0x000000070e800000, 0x000000070e800000, 0x000000070e900000|  0%| F|  |TAMS 0x000000070e800000, 0x000000070e800000| Untracked 
| 137|0x000000070e900000, 0x000000070e900000, 0x000000070ea00000|  0%| F|  |TAMS 0x000000070e900000, 0x000000070e900000| Untracked 
| 138|0x000000070ea00000, 0x000000070ea00000, 0x000000070eb00000|  0%| F|  |TAMS 0x000000070ea00000, 0x000000070ea00000| Untracked 
| 139|0x000000070eb00000, 0x000000070eb00000, 0x000000070ec00000|  0%| F|  |TAMS 0x000000070eb00000, 0x000000070eb00000| Untracked 
| 140|0x000000070ec00000, 0x000000070ec00000, 0x000000070ed00000|  0%| F|  |TAMS 0x000000070ec00000, 0x000000070ec00000| Untracked 
| 141|0x000000070ed00000, 0x000000070ed00000, 0x000000070ee00000|  0%| F|  |TAMS 0x000000070ed00000, 0x000000070ed00000| Untracked 
| 142|0x000000070ee00000, 0x000000070ee00000, 0x000000070ef00000|  0%| F|  |TAMS 0x000000070ee00000, 0x000000070ee00000| Untracked 
| 143|0x000000070ef00000, 0x000000070ef00000, 0x000000070f000000|  0%| F|  |TAMS 0x000000070ef00000, 0x000000070ef00000| Untracked 
| 144|0x000000070f000000, 0x000000070f000000, 0x000000070f100000|  0%| F|  |TAMS 0x000000070f000000, 0x000000070f000000| Untracked 
| 145|0x000000070f100000, 0x000000070f100000, 0x000000070f200000|  0%| F|  |TAMS 0x000000070f100000, 0x000000070f100000| Untracked 
| 146|0x000000070f200000, 0x000000070f200000, 0x000000070f300000|  0%| F|  |TAMS 0x000000070f200000, 0x000000070f200000| Untracked 
| 147|0x000000070f300000, 0x000000070f300000, 0x000000070f400000|  0%| F|  |TAMS 0x000000070f300000, 0x000000070f300000| Untracked 
| 148|0x000000070f400000, 0x000000070f400000, 0x000000070f500000|  0%| F|  |TAMS 0x000000070f400000, 0x000000070f400000| Untracked 
| 149|0x000000070f500000, 0x000000070f500000, 0x000000070f600000|  0%| F|  |TAMS 0x000000070f500000, 0x000000070f500000| Untracked 
| 150|0x000000070f600000, 0x000000070f600000, 0x000000070f700000|  0%| F|  |TAMS 0x000000070f600000, 0x000000070f600000| Untracked 
| 151|0x000000070f700000, 0x000000070f700000, 0x000000070f800000|  0%| F|  |TAMS 0x000000070f700000, 0x000000070f700000| Untracked 
| 152|0x000000070f800000, 0x000000070f800000, 0x000000070f900000|  0%| F|  |TAMS 0x000000070f800000, 0x000000070f800000| Untracked 
| 153|0x000000070f900000, 0x000000070f900000, 0x000000070fa00000|  0%| F|  |TAMS 0x000000070f900000, 0x000000070f900000| Untracked 
| 154|0x000000070fa00000, 0x000000070fa00000, 0x000000070fb00000|  0%| F|  |TAMS 0x000000070fa00000, 0x000000070fa00000| Untracked 
| 155|0x000000070fb00000, 0x000000070fb00000, 0x000000070fc00000|  0%| F|  |TAMS 0x000000070fb00000, 0x000000070fb00000| Untracked 
| 156|0x000000070fc00000, 0x000000070fc00000, 0x000000070fd00000|  0%| F|  |TAMS 0x000000070fc00000, 0x000000070fc00000| Untracked 
| 157|0x000000070fd00000, 0x000000070fd00000, 0x000000070fe00000|  0%| F|  |TAMS 0x000000070fd00000, 0x000000070fd00000| Untracked 
| 158|0x000000070fe00000, 0x000000070fe00000, 0x000000070ff00000|  0%| F|  |TAMS 0x000000070fe00000, 0x000000070fe00000| Untracked 
| 159|0x000000070ff00000, 0x000000070ff00000, 0x0000000710000000|  0%| F|  |TAMS 0x000000070ff00000, 0x000000070ff00000| Untracked 
| 160|0x0000000710000000, 0x0000000710000000, 0x0000000710100000|  0%| F|  |TAMS 0x0000000710000000, 0x0000000710000000| Untracked 
| 161|0x0000000710100000, 0x0000000710100000, 0x0000000710200000|  0%| F|  |TAMS 0x0000000710100000, 0x0000000710100000| Untracked 
| 162|0x0000000710200000, 0x0000000710200000, 0x0000000710300000|  0%| F|  |TAMS 0x0000000710200000, 0x0000000710200000| Untracked 
| 163|0x0000000710300000, 0x0000000710300000, 0x0000000710400000|  0%| F|  |TAMS 0x0000000710300000, 0x0000000710300000| Untracked 
| 164|0x0000000710400000, 0x0000000710400000, 0x0000000710500000|  0%| F|  |TAMS 0x0000000710400000, 0x0000000710400000| Untracked 
| 165|0x0000000710500000, 0x0000000710500000, 0x0000000710600000|  0%| F|  |TAMS 0x0000000710500000, 0x0000000710500000| Untracked 
| 166|0x0000000710600000, 0x0000000710600000, 0x0000000710700000|  0%| F|  |TAMS 0x0000000710600000, 0x0000000710600000| Untracked 
| 167|0x0000000710700000, 0x0000000710700000, 0x0000000710800000|  0%| F|  |TAMS 0x0000000710700000, 0x0000000710700000| Untracked 
| 168|0x0000000710800000, 0x0000000710800000, 0x0000000710900000|  0%| F|  |TAMS 0x0000000710800000, 0x0000000710800000| Untracked 
| 169|0x0000000710900000, 0x0000000710900000, 0x0000000710a00000|  0%| F|  |TAMS 0x0000000710900000, 0x0000000710900000| Untracked 
| 170|0x0000000710a00000, 0x0000000710a00000, 0x0000000710b00000|  0%| F|  |TAMS 0x0000000710a00000, 0x0000000710a00000| Untracked 
| 171|0x0000000710b00000, 0x0000000710b00000, 0x0000000710c00000|  0%| F|  |TAMS 0x0000000710b00000, 0x0000000710b00000| Untracked 
| 172|0x0000000710c00000, 0x0000000710c00000, 0x0000000710d00000|  0%| F|  |TAMS 0x0000000710c00000, 0x0000000710c00000| Untracked 
| 173|0x0000000710d00000, 0x0000000710d00000, 0x0000000710e00000|  0%| F|  |TAMS 0x0000000710d00000, 0x0000000710d00000| Untracked 
| 174|0x0000000710e00000, 0x0000000710e00000, 0x0000000710f00000|  0%| F|  |TAMS 0x0000000710e00000, 0x0000000710e00000| Untracked 
| 175|0x0000000710f00000, 0x0000000710f00000, 0x0000000711000000|  0%| F|  |TAMS 0x0000000710f00000, 0x0000000710f00000| Untracked 
| 176|0x0000000711000000, 0x0000000711000000, 0x0000000711100000|  0%| F|  |TAMS 0x0000000711000000, 0x0000000711000000| Untracked 
| 177|0x0000000711100000, 0x0000000711100000, 0x0000000711200000|  0%| F|  |TAMS 0x0000000711100000, 0x0000000711100000| Untracked 
| 178|0x0000000711200000, 0x0000000711200000, 0x0000000711300000|  0%| F|  |TAMS 0x0000000711200000, 0x0000000711200000| Untracked 
| 179|0x0000000711300000, 0x0000000711300000, 0x0000000711400000|  0%| F|  |TAMS 0x0000000711300000, 0x0000000711300000| Untracked 
| 180|0x0000000711400000, 0x0000000711400000, 0x0000000711500000|  0%| F|  |TAMS 0x0000000711400000, 0x0000000711400000| Untracked 
| 181|0x0000000711500000, 0x0000000711500000, 0x0000000711600000|  0%| F|  |TAMS 0x0000000711500000, 0x0000000711500000| Untracked 
| 182|0x0000000711600000, 0x0000000711600000, 0x0000000711700000|  0%| F|  |TAMS 0x0000000711600000, 0x0000000711600000| Untracked 
| 183|0x0000000711700000, 0x0000000711700000, 0x0000000711800000|  0%| F|  |TAMS 0x0000000711700000, 0x0000000711700000| Untracked 
| 184|0x0000000711800000, 0x0000000711800000, 0x0000000711900000|  0%| F|  |TAMS 0x0000000711800000, 0x0000000711800000| Untracked 
| 185|0x0000000711900000, 0x0000000711900000, 0x0000000711a00000|  0%| F|  |TAMS 0x0000000711900000, 0x0000000711900000| Untracked 
| 186|0x0000000711a00000, 0x0000000711a00000, 0x0000000711b00000|  0%| F|  |TAMS 0x0000000711a00000, 0x0000000711a00000| Untracked 
| 187|0x0000000711b00000, 0x0000000711b00000, 0x0000000711c00000|  0%| F|  |TAMS 0x0000000711b00000, 0x0000000711b00000| Untracked 
| 188|0x0000000711c00000, 0x0000000711c00000, 0x0000000711d00000|  0%| F|  |TAMS 0x0000000711c00000, 0x0000000711c00000| Untracked 
| 189|0x0000000711d00000, 0x0000000711d00000, 0x0000000711e00000|  0%| F|  |TAMS 0x0000000711d00000, 0x0000000711d00000| Untracked 
| 190|0x0000000711e00000, 0x0000000711e00000, 0x0000000711f00000|  0%| F|  |TAMS 0x0000000711e00000, 0x0000000711e00000| Untracked 
| 191|0x0000000711f00000, 0x0000000711f00000, 0x0000000712000000|  0%| F|  |TAMS 0x0000000711f00000, 0x0000000711f00000| Untracked 
| 192|0x0000000712000000, 0x0000000712000000, 0x0000000712100000|  0%| F|  |TAMS 0x0000000712000000, 0x0000000712000000| Untracked 
| 193|0x0000000712100000, 0x0000000712100000, 0x0000000712200000|  0%| F|  |TAMS 0x0000000712100000, 0x0000000712100000| Untracked 
| 194|0x0000000712200000, 0x0000000712200000, 0x0000000712300000|  0%| F|  |TAMS 0x0000000712200000, 0x0000000712200000| Untracked 
| 195|0x0000000712300000, 0x0000000712300000, 0x0000000712400000|  0%| F|  |TAMS 0x0000000712300000, 0x0000000712300000| Untracked 
| 196|0x0000000712400000, 0x0000000712400000, 0x0000000712500000|  0%| F|  |TAMS 0x0000000712400000, 0x0000000712400000| Untracked 
| 197|0x0000000712500000, 0x0000000712500000, 0x0000000712600000|  0%| F|  |TAMS 0x0000000712500000, 0x0000000712500000| Untracked 
| 198|0x0000000712600000, 0x0000000712600000, 0x0000000712700000|  0%| F|  |TAMS 0x0000000712600000, 0x0000000712600000| Untracked 
| 199|0x0000000712700000, 0x0000000712700000, 0x0000000712800000|  0%| F|  |TAMS 0x0000000712700000, 0x0000000712700000| Untracked 
| 200|0x0000000712800000, 0x0000000712800000, 0x0000000712900000|  0%| F|  |TAMS 0x0000000712800000, 0x0000000712800000| Untracked 
| 201|0x0000000712900000, 0x000000071298e460, 0x0000000712a00000| 55%| S|CS|TAMS 0x0000000712900000, 0x0000000712900000| Complete 
| 202|0x0000000712a00000, 0x0000000712b00000, 0x0000000712b00000|100%| S|CS|TAMS 0x0000000712a00000, 0x0000000712a00000| Complete 
| 203|0x0000000712b00000, 0x0000000712c00000, 0x0000000712c00000|100%| S|CS|TAMS 0x0000000712b00000, 0x0000000712b00000| Complete 
| 204|0x0000000712c00000, 0x0000000712d00000, 0x0000000712d00000|100%| S|CS|TAMS 0x0000000712c00000, 0x0000000712c00000| Complete 
| 205|0x0000000712d00000, 0x0000000712e00000, 0x0000000712e00000|100%| S|CS|TAMS 0x0000000712d00000, 0x0000000712d00000| Complete 
| 206|0x0000000712e00000, 0x0000000712f00000, 0x0000000712f00000|100%| S|CS|TAMS 0x0000000712e00000, 0x0000000712e00000| Complete 
| 207|0x0000000712f00000, 0x0000000713000000, 0x0000000713000000|100%| S|CS|TAMS 0x0000000712f00000, 0x0000000712f00000| Complete 
| 208|0x0000000713000000, 0x0000000713100000, 0x0000000713100000|100%| S|CS|TAMS 0x0000000713000000, 0x0000000713000000| Complete 
| 209|0x0000000713100000, 0x0000000713100000, 0x0000000713200000|  0%| F|  |TAMS 0x0000000713100000, 0x0000000713100000| Untracked 
| 210|0x0000000713200000, 0x0000000713200000, 0x0000000713300000|  0%| F|  |TAMS 0x0000000713200000, 0x0000000713200000| Untracked 
| 211|0x0000000713300000, 0x0000000713300000, 0x0000000713400000|  0%| F|  |TAMS 0x0000000713300000, 0x0000000713300000| Untracked 
| 212|0x0000000713400000, 0x0000000713400000, 0x0000000713500000|  0%| F|  |TAMS 0x0000000713400000, 0x0000000713400000| Untracked 
| 213|0x0000000713500000, 0x0000000713500000, 0x0000000713600000|  0%| F|  |TAMS 0x0000000713500000, 0x0000000713500000| Untracked 
| 214|0x0000000713600000, 0x0000000713600000, 0x0000000713700000|  0%| F|  |TAMS 0x0000000713600000, 0x0000000713600000| Untracked 
| 215|0x0000000713700000, 0x0000000713700000, 0x0000000713800000|  0%| F|  |TAMS 0x0000000713700000, 0x0000000713700000| Untracked 
| 216|0x0000000713800000, 0x0000000713800000, 0x0000000713900000|  0%| F|  |TAMS 0x0000000713800000, 0x0000000713800000| Untracked 
| 217|0x0000000713900000, 0x0000000713900000, 0x0000000713a00000|  0%| F|  |TAMS 0x0000000713900000, 0x0000000713900000| Untracked 
| 218|0x0000000713a00000, 0x0000000713a00000, 0x0000000713b00000|  0%| F|  |TAMS 0x0000000713a00000, 0x0000000713a00000| Untracked 
| 219|0x0000000713b00000, 0x0000000713b57970, 0x0000000713c00000| 34%| E|  |TAMS 0x0000000713b00000, 0x0000000713b00000| Complete 
| 220|0x0000000713c00000, 0x0000000713d00000, 0x0000000713d00000|100%| E|CS|TAMS 0x0000000713c00000, 0x0000000713c00000| Complete 
| 221|0x0000000713d00000, 0x0000000713e00000, 0x0000000713e00000|100%| E|CS|TAMS 0x0000000713d00000, 0x0000000713d00000| Complete 
| 222|0x0000000713e00000, 0x0000000713f00000, 0x0000000713f00000|100%| E|CS|TAMS 0x0000000713e00000, 0x0000000713e00000| Complete 
| 223|0x0000000713f00000, 0x0000000714000000, 0x0000000714000000|100%| E|CS|TAMS 0x0000000713f00000, 0x0000000713f00000| Complete 
| 224|0x0000000714000000, 0x0000000714100000, 0x0000000714100000|100%| E|CS|TAMS 0x0000000714000000, 0x0000000714000000| Complete 
| 225|0x0000000714100000, 0x0000000714200000, 0x0000000714200000|100%| E|CS|TAMS 0x0000000714100000, 0x0000000714100000| Complete 
| 226|0x0000000714200000, 0x0000000714300000, 0x0000000714300000|100%| E|CS|TAMS 0x0000000714200000, 0x0000000714200000| Complete 
| 227|0x0000000714300000, 0x0000000714400000, 0x0000000714400000|100%| E|CS|TAMS 0x0000000714300000, 0x0000000714300000| Complete 
| 228|0x0000000714400000, 0x0000000714500000, 0x0000000714500000|100%| E|CS|TAMS 0x0000000714400000, 0x0000000714400000| Complete 
| 229|0x0000000714500000, 0x0000000714600000, 0x0000000714600000|100%| E|CS|TAMS 0x0000000714500000, 0x0000000714500000| Complete 
| 230|0x0000000714600000, 0x0000000714700000, 0x0000000714700000|100%| E|CS|TAMS 0x0000000714600000, 0x0000000714600000| Complete 
| 231|0x0000000714700000, 0x0000000714800000, 0x0000000714800000|100%| E|  |TAMS 0x0000000714700000, 0x0000000714700000| Complete 
| 232|0x0000000714800000, 0x0000000714900000, 0x0000000714900000|100%| E|CS|TAMS 0x0000000714800000, 0x0000000714800000| Complete 
| 233|0x0000000714900000, 0x0000000714a00000, 0x0000000714a00000|100%| E|CS|TAMS 0x0000000714900000, 0x0000000714900000| Complete 
| 234|0x0000000714a00000, 0x0000000714b00000, 0x0000000714b00000|100%| E|CS|TAMS 0x0000000714a00000, 0x0000000714a00000| Complete 
| 235|0x0000000714b00000, 0x0000000714c00000, 0x0000000714c00000|100%| E|CS|TAMS 0x0000000714b00000, 0x0000000714b00000| Complete 
| 236|0x0000000714c00000, 0x0000000714d00000, 0x0000000714d00000|100%| E|CS|TAMS 0x0000000714c00000, 0x0000000714c00000| Complete 
| 237|0x0000000714d00000, 0x0000000714e00000, 0x0000000714e00000|100%| E|CS|TAMS 0x0000000714d00000, 0x0000000714d00000| Complete 
| 238|0x0000000714e00000, 0x0000000714f00000, 0x0000000714f00000|100%| E|CS|TAMS 0x0000000714e00000, 0x0000000714e00000| Complete 
| 239|0x0000000714f00000, 0x0000000715000000, 0x0000000715000000|100%| E|CS|TAMS 0x0000000714f00000, 0x0000000714f00000| Complete 
| 240|0x0000000715000000, 0x0000000715100000, 0x0000000715100000|100%| E|CS|TAMS 0x0000000715000000, 0x0000000715000000| Complete 
| 241|0x0000000715100000, 0x0000000715200000, 0x0000000715200000|100%| E|CS|TAMS 0x0000000715100000, 0x0000000715100000| Complete 
| 242|0x0000000715200000, 0x0000000715300000, 0x0000000715300000|100%| E|CS|TAMS 0x0000000715200000, 0x0000000715200000| Complete 
| 243|0x0000000715300000, 0x0000000715400000, 0x0000000715400000|100%| E|CS|TAMS 0x0000000715300000, 0x0000000715300000| Complete 
| 244|0x0000000715400000, 0x0000000715500000, 0x0000000715500000|100%| E|CS|TAMS 0x0000000715400000, 0x0000000715400000| Complete 
| 245|0x0000000715500000, 0x0000000715600000, 0x0000000715600000|100%| E|CS|TAMS 0x0000000715500000, 0x0000000715500000| Complete 
| 246|0x0000000715600000, 0x0000000715700000, 0x0000000715700000|100%| E|CS|TAMS 0x0000000715600000, 0x0000000715600000| Complete 
| 247|0x0000000715700000, 0x0000000715800000, 0x0000000715800000|100%| E|CS|TAMS 0x0000000715700000, 0x0000000715700000| Complete 
| 248|0x0000000715800000, 0x0000000715900000, 0x0000000715900000|100%| E|CS|TAMS 0x0000000715800000, 0x0000000715800000| Complete 
| 249|0x0000000715900000, 0x0000000715a00000, 0x0000000715a00000|100%| E|CS|TAMS 0x0000000715900000, 0x0000000715900000| Complete 

Card table byte_map: [0x00000175be680000,0x00000175bee50000] _byte_map_base: 0x00000175bae50000

Marking Bits (Prev, Next): (CMBitMap*) 0x00000175a4079600, (CMBitMap*) 0x00000175a40795c8
 Prev Bits: [0x00000175c34a0000, 0x00000175c7320000)
 Next Bits: [0x00000175bf620000, 0x00000175c34a0000)

Polling page: 0x00000175a3d70000

Metaspace:

Usage:
  Non-class:     21.39 MB capacity,    21.09 MB ( 99%) used,   264.35 KB (  1%) free+waste,    48.25 KB ( <1%) overhead. 
      Class:      2.54 MB capacity,     2.38 MB ( 94%) used,   137.64 KB (  5%) free+waste,    21.31 KB ( <1%) overhead. 
       Both:     23.93 MB capacity,    23.47 MB ( 98%) used,   401.99 KB (  2%) free+waste,    69.56 KB ( <1%) overhead. 

Virtual space:
  Non-class space:       22.00 MB reserved,      21.42 MB ( 97%) committed 
      Class space:        1.00 GB reserved,       2.63 MB ( <1%) committed 
             Both:        1.02 GB reserved,      24.05 MB (  2%) committed 

Chunk freelists:
   Non-Class:  32.00 KB
       Class:  27.00 KB
        Both:  59.00 KB

MaxMetaspaceSize: 17179869184.00 GB
CompressedClassSpaceSize: 1.00 GB
Initial GC threshold: 20.80 MB
Current GC threshold: 34.87 MB
CDS: off

CodeHeap 'non-profiled nmethods': size=119168Kb used=1212Kb max_used=1212Kb free=117955Kb
 bounds [0x00000175b5aa0000, 0x00000175b5d10000, 0x00000175bcf00000]
CodeHeap 'profiled nmethods': size=119168Kb used=6808Kb max_used=6808Kb free=112359Kb
 bounds [0x00000175ae640000, 0x00000175aecf0000, 0x00000175b5aa0000]
CodeHeap 'non-nmethods': size=7424Kb used=2899Kb max_used=2956Kb free=4525Kb
 bounds [0x00000175adf00000, 0x00000175ae1f0000, 0x00000175ae640000]
 total_blobs=3491 nmethods=3016 adapters=384
 compilation: enabled
              stopped_count=0, restarted_count=0
 full_count=0

Compilation events (20 events):
Event: 2.872 Thread 0x00000175cb61f000 3061       3       sun.security.provider.SHA5::lf_delta1 (21 bytes)
Event: 2.872 Thread 0x00000175cb623800 3062       3       sun.security.provider.SHA5::lf_delta0 (20 bytes)
Event: 2.872 Thread 0x00000175cada2800 nmethod 3066 0x00000175aece4790 code [0x00000175aece4940, 0x00000175aece4a38]
Event: 2.873 Thread 0x00000175caf23800 nmethod 3065 0x00000175aece4b10 code [0x00000175aece4ce0, 0x00000175aece4f18]
Event: 2.873 Thread 0x00000175cc62c000 3067       4       sun.security.provider.SHA5::lf_S (11 bytes)
Event: 2.873 Thread 0x00000175cada2800 3068       1       sun.security.provider.DigestBase::engineGetDigestLength (5 bytes)
Event: 2.873 Thread 0x00000175cc122000 3051       4       sun.security.util.math.intpoly.IntegerPolynomial$MutableElement::setProduct (6 bytes)
Event: 2.873 Thread 0x00000175cb61f000 nmethod 3061 0x00000175aece5010 code [0x00000175aece51e0, 0x00000175aece5418]
Event: 2.873 Thread 0x00000175cb623800 nmethod 3062 0x00000175aece5510 code [0x00000175aece56e0, 0x00000175aece5918]
Event: 2.873 Thread 0x00000175caf23800 3069       3       java.lang.Long::reverseBytes (46 bytes)
Event: 2.873 Thread 0x00000175cb61f000 3070       3       sun.security.provider.ByteArrayAccess::i2bBig4 (111 bytes)
Event: 2.873 Thread 0x00000175cada2800 nmethod 3068 0x00000175b5bcb790 code [0x00000175b5bcb940, 0x00000175b5bcb9f8]
Event: 2.874 Thread 0x00000175caf23800 nmethod 3069 0x00000175aece5a10 code [0x00000175aece5bc0, 0x00000175aece5d18]
Event: 2.875 Thread 0x00000175cb61f000 nmethod 3070 0x00000175aece5d90 code [0x00000175aece5f60, 0x00000175aece6248]
Event: 2.875 Thread 0x00000175cc62c000 nmethod 3067 0x00000175b5bcba90 code [0x00000175b5bcbc20, 0x00000175b5bcbc78]
Event: 2.875 Thread 0x00000175cc62c000 3053       4       sun.security.util.math.intpoly.IntegerPolynomial$MutableElement::setValue (6 bytes)
Event: 2.877 Thread 0x00000175cc122000 nmethod 3051 0x00000175b5bcbd90 code [0x00000175b5bcbf40, 0x00000175b5bcc048]
Event: 2.877 Thread 0x00000175cc122000 3056       4       sun.security.util.math.intpoly.IntegerPolynomial25519::mult (943 bytes)
Event: 2.877 Thread 0x00000175cc62c000 nmethod 3053 0x00000175b5bcc190 code [0x00000175b5bcc320, 0x00000175b5bcc458]
Event: 2.877 Thread 0x00000175cc62c000 3055       4       sun.security.util.math.intpoly.IntegerPolynomial25519::square (613 bytes)

GC Heap History (4 events):
Event: 0.931 GC heap before
{Heap before GC invocations=0 (full 0):
 garbage-first heap   total 256000K, used 24576K [0x0000000706000000, 0x0000000800000000)
  region size 1024K, 24 young (24576K), 0 survivors (0K)
 Metaspace       used 15054K, capacity 15290K, committed 15360K, reserved 1062912K
  class space    used 1393K, capacity 1477K, committed 1536K, reserved 1048576K
}
Event: 0.936 GC heap after
{Heap after GC invocations=1 (full 0):
 garbage-first heap   total 256000K, used 3959K [0x0000000706000000, 0x0000000800000000)
  region size 1024K, 3 young (3072K), 3 survivors (3072K)
 Metaspace       used 15054K, capacity 15290K, committed 15360K, reserved 1062912K
  class space    used 1393K, capacity 1477K, committed 1536K, reserved 1048576K
}
Event: 1.430 GC heap before
{Heap before GC invocations=1 (full 0):
 garbage-first heap   total 256000K, used 41847K [0x0000000706000000, 0x0000000800000000)
  region size 1024K, 41 young (41984K), 3 survivors (3072K)
 Metaspace       used 20740K, capacity 21142K, committed 21296K, reserved 1069056K
  class space    used 2038K, capacity 2163K, committed 2176K, reserved 1048576K
}
Event: 1.439 GC heap after
{Heap after GC invocations=2 (full 0):
 garbage-first heap   total 256000K, used 8625K [0x0000000706000000, 0x0000000800000000)
  region size 1024K, 8 young (8192K), 8 survivors (8192K)
 Metaspace       used 20740K, capacity 21142K, committed 21296K, reserved 1069056K
  class space    used 2038K, capacity 2163K, committed 2176K, reserved 1048576K
}

Deoptimization events (20 events):
Event: 2.355 Thread 0x00000175cc04c000 Uncommon trap: reason=predicate action=maybe_recompile pc=0x00000175b5ba121c method=java.util.regex.Pattern$SliceI.match(Ljava/util/regex/Matcher;ILjava/lang/CharSequence;)Z @ 18 c2
Event: 2.355 Thread 0x00000175cc27b800 Uncommon trap: reason=predicate action=maybe_recompile pc=0x00000175b5ba121c method=java.util.regex.Pattern$SliceI.match(Ljava/util/regex/Matcher;ILjava/lang/CharSequence;)Z @ 18 c2
Event: 2.355 Thread 0x00000175cc237000 DEOPT PACKING pc=0x00000175b5ba121c sp=0x0000005e3e2fe2b0
Event: 2.355 Thread 0x00000175cc237000 DEOPT UNPACKING pc=0x00000175adf4a1af sp=0x0000005e3e2fe228 mode 2
Event: 2.355 Thread 0x00000175cc27c800 Uncommon trap: reason=predicate action=maybe_recompile pc=0x00000175b5ba121c method=java.util.regex.Pattern$SliceI.match(Ljava/util/regex/Matcher;ILjava/lang/CharSequence;)Z @ 18 c2
Event: 2.355 Thread 0x00000175cc04a800 Uncommon trap: reason=predicate action=maybe_recompile pc=0x00000175b5ba121c method=java.util.regex.Pattern$SliceI.match(Ljava/util/regex/Matcher;ILjava/lang/CharSequence;)Z @ 18 c2
Event: 2.355 Thread 0x00000175cc27e000 DEOPT PACKING pc=0x00000175b5ba121c sp=0x0000005e3e0fde70
Event: 2.355 Thread 0x00000175cc27e000 DEOPT UNPACKING pc=0x00000175adf4a1af sp=0x0000005e3e0fdde8 mode 2
Event: 2.356 Thread 0x00000175cc04c000 DEOPT PACKING pc=0x00000175b5ba121c sp=0x0000005e3e6fdf50
Event: 2.356 Thread 0x00000175cc04c000 DEOPT UNPACKING pc=0x00000175adf4a1af sp=0x0000005e3e6fdec8 mode 2
Event: 2.356 Thread 0x00000175cc27b800 DEOPT PACKING pc=0x00000175b5ba121c sp=0x0000005e3ddfdb30
Event: 2.356 Thread 0x00000175cc27b800 DEOPT UNPACKING pc=0x00000175adf4a1af sp=0x0000005e3ddfdaa8 mode 2
Event: 2.356 Thread 0x00000175cc27c800 DEOPT PACKING pc=0x00000175b5ba121c sp=0x0000005e3defdf60
Event: 2.356 Thread 0x00000175cc27c800 DEOPT UNPACKING pc=0x00000175adf4a1af sp=0x0000005e3defded8 mode 2
Event: 2.356 Thread 0x00000175cc04a800 DEOPT PACKING pc=0x00000175b5ba121c sp=0x0000005e3e7fe1f0
Event: 2.356 Thread 0x00000175cc04a800 DEOPT UNPACKING pc=0x00000175adf4a1af sp=0x0000005e3e7fe168 mode 2
Event: 2.364 Thread 0x00000175cc239000 Uncommon trap: trap_request=0xffffff4d fr.pc=0x00000175b5ba3970 relative=0x0000000000000510
Event: 2.365 Thread 0x00000175cc239000 Uncommon trap: reason=unstable_if action=reinterpret pc=0x00000175b5ba3970 method=java.util.regex.Pattern$SliceI.match(Ljava/util/regex/Matcher;ILjava/lang/CharSequence;)Z @ 29 c2
Event: 2.366 Thread 0x00000175cc239000 DEOPT PACKING pc=0x00000175b5ba3970 sp=0x0000005e3e1fe450
Event: 2.366 Thread 0x00000175cc239000 DEOPT UNPACKING pc=0x00000175adf4a1af sp=0x0000005e3e1fe3d8 mode 2

Classes redefined (0 events):
No events

Internal exceptions (20 events):
Event: 0.861 Thread 0x00000175a4010800 Exception <a 'sun/nio/fs/WindowsException'{0x00000007144fad60}> (0x00000007144fad60) thrown at [./src/hotspot/share/prims/jni.cpp, line 616]
Event: 0.863 Thread 0x00000175a4010800 Exception <a 'sun/nio/fs/WindowsException'{0x0000000714302d28}> (0x0000000714302d28) thrown at [./src/hotspot/share/prims/jni.cpp, line 616]
Event: 0.863 Thread 0x00000175a4010800 Exception <a 'sun/nio/fs/WindowsException'{0x00000007143030d8}> (0x00000007143030d8) thrown at [./src/hotspot/share/prims/jni.cpp, line 616]
Event: 0.863 Thread 0x00000175a4010800 Exception <a 'sun/nio/fs/WindowsException'{0x0000000714303840}> (0x0000000714303840) thrown at [./src/hotspot/share/prims/jni.cpp, line 616]
Event: 0.863 Thread 0x00000175a4010800 Exception <a 'sun/nio/fs/WindowsException'{0x0000000714303db0}> (0x0000000714303db0) thrown at [./src/hotspot/share/prims/jni.cpp, line 616]
Event: 0.886 Thread 0x00000175a4010800 Exception <a 'java/lang/NoSuchMethodError'{0x000000071437f340}: 'int java.lang.invoke.DirectMethodHandle$Holder.invokeSpecialIFC(java.lang.Object, java.lang.Object, int)'> (0x000000071437f340) thrown at [./src/hotspot/share/interpreter/linkResolver.cpp, line 773]
Event: 0.966 Thread 0x00000175a4010800 Exception <a 'java/lang/NullPointerException'{0x00000007158dc540}> (0x00000007158dc540) thrown at [./src/hotspot/share/interpreter/linkResolver.cpp, line 1440]
Event: 1.151 Thread 0x00000175a4010800 Exception <a 'java/lang/NoSuchMethodError'{0x0000000714fffc70}: 'int java.lang.invoke.DirectMethodHandle$Holder.invokeStatic(java.lang.Object, java.lang.Object, int, java.lang.Object)'> (0x0000000714fffc70) thrown at [./src/hotspot/share/interpreter/linkResolver.cpp, line 773]
Event: 1.152 Thread 0x00000175a4010800 Exception <a 'java/lang/NoSuchMethodError'{0x0000000714e06e68}: 'java.lang.Object java.lang.invoke.Invokers$Holder.linkToTargetMethod(java.lang.Object, int, java.lang.Object)'> (0x0000000714e06e68) thrown at [./src/hotspot/share/interpreter/linkResolver.cpp, line 773]
Event: 1.174 Thread 0x00000175a4010800 Exception <a 'sun/nio/fs/WindowsException'{0x0000000714e67190}> (0x0000000714e67190) thrown at [./src/hotspot/share/prims/jni.cpp, line 616]
Event: 1.174 Thread 0x00000175a4010800 Exception <a 'java/lang/NoSuchMethodError'{0x0000000714e67ec8}: 'int java.lang.invoke.DirectMethodHandle$Holder.invokeInterface(java.lang.Object, java.lang.Object)'> (0x0000000714e67ec8) thrown at [./src/hotspot/share/interpreter/linkResolver.cpp, line 773]
Event: 1.176 Thread 0x00000175a4010800 Exception <a 'java/lang/NoSuchMethodError'{0x0000000714e71638}: 'void java.lang.invoke.DirectMethodHandle$Holder.invokeStatic(java.lang.Object, int, java.lang.Object)'> (0x0000000714e71638) thrown at [./src/hotspot/share/interpreter/linkResolver.cpp, line 773]
Event: 1.180 Thread 0x00000175a4010800 Exception <a 'java/lang/NoSuchMethodError'{0x0000000714e834d8}: 'java.lang.Object java.lang.invoke.Invokers$Holder.linkToTargetMethod(java.lang.Object, java.lang.Object, java.lang.Object, java.lang.Object, java.lang.Object, java.lang.Object)'> (0x0000000714e834d8) thrown at [./src/hotspot/share/interpreter/linkResolver.cpp, line 773]
Event: 1.285 Thread 0x00000175cc04e000 Exception <a 'java/lang/NoSuchMethodError'{0x0000000714247668}: 'java.lang.Object java.lang.invoke.DirectMethodHandle$Holder.invokeStaticInit(java.lang.Object, int, int, int, int)'> (0x0000000714247668) thrown at [./src/hotspot/share/interpreter/linkResolver.cpp, line 773]
Event: 1.287 Thread 0x00000175cc04e000 Exception <a 'sun/nio/fs/WindowsException'{0x000000071424d9b8}> (0x000000071424d9b8) thrown at [./src/hotspot/share/prims/jni.cpp, line 616]
Event: 1.297 Thread 0x00000175cc04e000 Exception <a 'java/lang/NoSuchMethodError'{0x000000071426c5a0}: 'int java.lang.invoke.DirectMethodHandle$Holder.invokeStaticInit(java.lang.Object, java.lang.Object, java.lang.Object, java.lang.Object)'> (0x000000071426c5a0) thrown at [./src/hotspot/share/interpreter/linkResolver.cpp, line 773]
Event: 1.299 Thread 0x00000175cc04e000 Exception <a 'java/lang/IncompatibleClassChangeError'{0x0000000714275810}: Found class java.lang.Object, but interface was expected> (0x0000000714275810) thrown at [./src/hotspot/share/interpreter/linkResolver.cpp, line 839]
Event: 1.299 Thread 0x00000175cc04e000 Exception <a 'java/lang/NoSuchMethodError'{0x0000000714278700}: 'void java.lang.invoke.DirectMethodHandle$Holder.invokeStaticInit(java.lang.Object, java.lang.Object)'> (0x0000000714278700) thrown at [./src/hotspot/share/interpreter/linkResolver.cpp, line 773]
Event: 1.300 Thread 0x00000175cc04e000 Exception <a 'java/lang/NoSuchMethodError'{0x000000071427de58}: 'int java.lang.invoke.DirectMethodHandle$Holder.invokeStaticInit(java.lang.Object, java.lang.Object)'> (0x000000071427de58) thrown at [./src/hotspot/share/interpreter/linkResolver.cpp, line 773]
Event: 2.189 Thread 0x00000175cc04e000 Exception <a 'java/lang/NoSuchMethodError'{0x0000000714ab2e68}: 'java.lang.Object java.lang.invoke.DirectMethodHandle$Holder.invokeStaticInit(java.lang.Object, java.lang.Object, int, int, int, int)'> (0x0000000714ab2e68) thrown at [./src/hotspot/share/interpreter/linkResolver.cpp, line 773]

Events (20 events):
Event: 2.875 loading class sun/security/ssl/SSLTrafficKeyDerivation$T12TrafficKeyDerivationGenerator
Event: 2.875 loading class sun/security/ssl/SSLTrafficKeyDerivation$T12TrafficKeyDerivationGenerator done
Event: 2.875 loading class sun/security/ssl/SSLTrafficKeyDerivation$T13TrafficKeyDerivationGenerator
Event: 2.875 loading class sun/security/ssl/SSLTrafficKeyDerivation$T13TrafficKeyDerivationGenerator done
Event: 2.876 loading class sun/security/ssl/SSLTrafficKeyDerivation$1
Event: 2.876 loading class sun/security/ssl/SSLTrafficKeyDerivation$1 done
Event: 2.876 loading class sun/security/ssl/SSLTrafficKeyDerivation$T13TrafficKeyDerivation
Event: 2.876 loading class sun/security/ssl/SSLTrafficKeyDerivation$T13TrafficKeyDerivation done
Event: 2.876 loading class sun/security/ssl/SSLTrafficKeyDerivation$KeySchedule
Event: 2.876 loading class sun/security/ssl/SSLTrafficKeyDerivation$KeySchedule done
Event: 2.877 loading class javax/crypto/spec/IvParameterSpec
Event: 2.877 loading class javax/crypto/spec/IvParameterSpec done
Event: 2.877 loading class sun/security/ssl/Authenticator$TLS13Authenticator
Event: 2.877 loading class sun/security/ssl/Authenticator$TLS13Authenticator done
Event: 2.877 loading class sun/security/ssl/SSLCipher$T13GcmReadCipherGenerator$GcmReadCipher
Event: 2.877 loading class sun/security/ssl/SSLCipher$T13GcmReadCipherGenerator$GcmReadCipher done
Event: 2.878 loading class javax/crypto/NullCipher
Event: 2.878 loading class javax/crypto/NullCipher done
Event: 2.879 loading class sun/security/ssl/SSLCipher$T13GcmWriteCipherGenerator$GcmWriteCipher
Event: 2.879 loading class sun/security/ssl/SSLCipher$T13GcmWriteCipherGenerator$GcmWriteCipher done


Dynamic libraries:
0x00007ff6fec10000 - 0x00007ff6fec1d000 	C:\Program Files\Unity\Hub\Editor\2022.3.21f1\Editor\Data\PlaybackEngines\AndroidPlayer\OpenJDK\bin\java.exe
0x00007ffba4590000 - 0x00007ffba47a6000 	C:\WINDOWS\SYSTEM32\ntdll.dll
0x00007ffba27c0000 - 0x00007ffba2884000 	C:\WINDOWS\System32\KERNEL32.DLL
0x00007ffba1a70000 - 0x00007ffba1e17000 	C:\WINDOWS\System32\KERNELBASE.dll
0x00007ffba1950000 - 0x00007ffba1a61000 	C:\WINDOWS\System32\ucrtbase.dll
0x00007ffb86960000 - 0x00007ffb86975000 	C:\Program Files\Unity\Hub\Editor\2022.3.21f1\Editor\Data\PlaybackEngines\AndroidPlayer\OpenJDK\bin\VCRUNTIME140.dll
0x00007ffb86940000 - 0x00007ffb86957000 	C:\Program Files\Unity\Hub\Editor\2022.3.21f1\Editor\Data\PlaybackEngines\AndroidPlayer\OpenJDK\bin\jli.dll
0x00007ffba2d00000 - 0x00007ffba2eae000 	C:\WINDOWS\System32\USER32.dll
0x00007ffba1e20000 - 0x00007ffba1e46000 	C:\WINDOWS\System32\win32u.dll
0x00007ffba2fb0000 - 0x00007ffba2fd9000 	C:\WINDOWS\System32\GDI32.dll
0x00007ffba21a0000 - 0x00007ffba22b9000 	C:\WINDOWS\System32\gdi32full.dll
0x00007ffb7b7a0000 - 0x00007ffb7ba33000 	C:\WINDOWS\WinSxS\amd64_microsoft.windows.common-controls_6595b64144ccf1df_6.0.22621.3235_none_270f74e173860f98\COMCTL32.dll
0x00007ffba18b0000 - 0x00007ffba194a000 	C:\WINDOWS\System32\msvcp_win.dll
0x00007ffba2710000 - 0x00007ffba27b7000 	C:\WINDOWS\System32\msvcrt.dll
0x00007ffba2aa0000 - 0x00007ffba2ad1000 	C:\WINDOWS\System32\IMM32.DLL
0x00007ffb5cf90000 - 0x00007ffb5d02b000 	C:\Program Files\Unity\Hub\Editor\2022.3.21f1\Editor\Data\PlaybackEngines\AndroidPlayer\OpenJDK\bin\msvcp140.dll
0x00007ffae6640000 - 0x00007ffae71c1000 	C:\Program Files\Unity\Hub\Editor\2022.3.21f1\Editor\Data\PlaybackEngines\AndroidPlayer\OpenJDK\bin\server\jvm.dll
0x00007ffba3110000 - 0x00007ffba31c2000 	C:\WINDOWS\System32\ADVAPI32.dll
0x00007ffba29f0000 - 0x00007ffba2a98000 	C:\WINDOWS\System32\sechost.dll
0x00007ffba1e50000 - 0x00007ffba1e78000 	C:\WINDOWS\System32\bcrypt.dll
0x00007ffba2be0000 - 0x00007ffba2cf5000 	C:\WINDOWS\System32\RPCRT4.dll
0x00007ffba22c0000 - 0x00007ffba22c8000 	C:\WINDOWS\System32\PSAPI.DLL
0x00007ffb52340000 - 0x00007ffb52349000 	C:\WINDOWS\SYSTEM32\WSOCK32.dll
0x00007ffb96150000 - 0x00007ffb96184000 	C:\WINDOWS\SYSTEM32\WINMM.dll
0x00007ffb85930000 - 0x00007ffb8593a000 	C:\WINDOWS\SYSTEM32\VERSION.dll
0x00007ffba24a0000 - 0x00007ffba2511000 	C:\WINDOWS\System32\WS2_32.dll
0x00007ffba08f0000 - 0x00007ffba0908000 	C:\WINDOWS\SYSTEM32\kernel.appcore.dll
0x00007ffb86750000 - 0x00007ffb86760000 	C:\Program Files\Unity\Hub\Editor\2022.3.21f1\Editor\Data\PlaybackEngines\AndroidPlayer\OpenJDK\bin\verify.dll
0x00007ffb9ea90000 - 0x00007ffb9ecc3000 	C:\WINDOWS\SYSTEM32\DBGHELP.DLL
0x00007ffba34e0000 - 0x00007ffba3868000 	C:\WINDOWS\System32\combase.dll
0x00007ffba2890000 - 0x00007ffba2967000 	C:\WINDOWS\System32\OLEAUT32.dll
0x00007ffb7e400000 - 0x00007ffb7e432000 	C:\WINDOWS\SYSTEM32\dbgcore.DLL
0x00007ffba1e80000 - 0x00007ffba1ef9000 	C:\WINDOWS\System32\bcryptPrimitives.dll
0x00007ffb86720000 - 0x00007ffb86748000 	C:\Program Files\Unity\Hub\Editor\2022.3.21f1\Editor\Data\PlaybackEngines\AndroidPlayer\OpenJDK\bin\java.dll
0x00007ffb7a8b0000 - 0x00007ffb7a8ba000 	C:\Program Files\Unity\Hub\Editor\2022.3.21f1\Editor\Data\PlaybackEngines\AndroidPlayer\OpenJDK\bin\jimage.dll
0x00007ffb7a890000 - 0x00007ffb7a8a8000 	C:\Program Files\Unity\Hub\Editor\2022.3.21f1\Editor\Data\PlaybackEngines\AndroidPlayer\OpenJDK\bin\zip.dll
0x00007ffba3870000 - 0x00007ffba40cc000 	C:\WINDOWS\System32\SHELL32.dll
0x00007ffb9f810000 - 0x00007ffba0109000 	C:\WINDOWS\SYSTEM32\windows.storage.dll
0x00007ffb9f6d0000 - 0x00007ffb9f80e000 	C:\WINDOWS\SYSTEM32\wintypes.dll
0x00007ffba2eb0000 - 0x00007ffba2fa3000 	C:\WINDOWS\System32\SHCORE.dll
0x00007ffba32b0000 - 0x00007ffba330e000 	C:\WINDOWS\System32\shlwapi.dll
0x00007ffba17e0000 - 0x00007ffba1801000 	C:\WINDOWS\SYSTEM32\profapi.dll
0x00007ffb7a870000 - 0x00007ffb7a889000 	C:\Program Files\Unity\Hub\Editor\2022.3.21f1\Editor\Data\PlaybackEngines\AndroidPlayer\OpenJDK\bin\net.dll
0x00007ffb98f20000 - 0x00007ffb99056000 	C:\WINDOWS\SYSTEM32\WINHTTP.dll
0x00007ffba0d60000 - 0x00007ffba0dc9000 	C:\WINDOWS\system32\mswsock.dll
0x00007ffb5cf70000 - 0x00007ffb5cf83000 	C:\Program Files\Unity\Hub\Editor\2022.3.21f1\Editor\Data\PlaybackEngines\AndroidPlayer\OpenJDK\bin\nio.dll
0x00007ffb5cf30000 - 0x00007ffb5cf55000 	C:\Program Files\Unity\Hub\Editor\2022.3.21f1\Editor\Data\PlaybackEngines\AndroidPlayer\OpenJDK\bin\sunec.dll
0x00007ffba0fc0000 - 0x00007ffba0fdb000 	C:\WINDOWS\SYSTEM32\CRYPTSP.dll
0x00007ffba0850000 - 0x00007ffba0885000 	C:\WINDOWS\system32\rsaenh.dll
0x00007ffba0e60000 - 0x00007ffba0e88000 	C:\WINDOWS\SYSTEM32\USERENV.dll
0x00007ffba0fe0000 - 0x00007ffba0fec000 	C:\WINDOWS\SYSTEM32\CRYPTBASE.dll
0x00007ffba0400000 - 0x00007ffba042d000 	C:\WINDOWS\SYSTEM32\IPHLPAPI.DLL
0x00007ffba2fe0000 - 0x00007ffba2fe9000 	C:\WINDOWS\System32\NSI.dll
0x00007ffb98b20000 - 0x00007ffb98b39000 	C:\WINDOWS\SYSTEM32\dhcpcsvc6.DLL
0x00007ffb98b00000 - 0x00007ffb98b1f000 	C:\WINDOWS\SYSTEM32\dhcpcsvc.DLL
0x00007ffba0430000 - 0x00007ffba0529000 	C:\WINDOWS\SYSTEM32\DNSAPI.dll
0x00007ffb98640000 - 0x00007ffb9864a000 	C:\Windows\System32\rasadhlp.dll
0x00007ffb96880000 - 0x00007ffb96903000 	C:\WINDOWS\System32\fwpuclnt.dll
0x00007ffb5cf60000 - 0x00007ffb5cf6e000 	C:\Program Files\Unity\Hub\Editor\2022.3.21f1\Editor\Data\PlaybackEngines\AndroidPlayer\OpenJDK\bin\sunmscapi.dll
0x00007ffba1fc0000 - 0x00007ffba2127000 	C:\WINDOWS\System32\CRYPT32.dll
0x00007ffba1220000 - 0x00007ffba124e000 	C:\WINDOWS\SYSTEM32\ncrypt.dll
0x00007ffba11c0000 - 0x00007ffba11f7000 	C:\WINDOWS\SYSTEM32\NTASN1.dll

dbghelp: loaded successfully - version: 4.0.5 - missing functions: none
symbol engine: initialized successfully - sym options: 0x614 - pdb path: .;C:\Program Files\Unity\Hub\Editor\2022.3.21f1\Editor\Data\PlaybackEngines\AndroidPlayer\OpenJDK\bin;C:\WINDOWS\SYSTEM32;C:\WINDOWS\WinSxS\amd64_microsoft.windows.common-controls_6595b64144ccf1df_6.0.22621.3235_none_270f74e173860f98;C:\Program Files\Unity\Hub\Editor\2022.3.21f1\Editor\Data\PlaybackEngines\AndroidPlayer\OpenJDK\bin\server

VM Arguments:
jvm_args: -Dfile.encoding=UTF-8 -Dcom.android.sdklib.toolsdir=C:\Program Files\Unity\Hub\Editor\2022.3.21f1\Editor\Data\PlaybackEngines\AndroidPlayer\SDK\cmdline-tools\6.0\bin\\.. 
java_command: com.android.sdklib.tool.sdkmanager.SdkManagerCli --list
java_class_path (initial): C:\Program Files\Unity\Hub\Editor\2022.3.21f1\Editor\Data\PlaybackEngines\AndroidPlayer\SDK\cmdline-tools\6.0\bin\..\lib\sdkmanager-classpath.jar
Launcher Type: SUN_STANDARD

[Global flags]
     intx CICompilerCount                          = 12                                        {product} {ergonomic}
     uint ConcGCThreads                            = 3                                         {product} {ergonomic}
     uint G1ConcRefinementThreads                  = 13                                        {product} {ergonomic}
   size_t G1HeapRegionSize                         = 1048576                                   {product} {ergonomic}
    uintx GCDrainStackTargetSize                   = 64                                        {product} {ergonomic}
   size_t InitialHeapSize                          = 262144000                                 {product} {ergonomic}
   size_t MarkStackSize                            = 4194304                                   {product} {ergonomic}
   size_t MaxHeapSize                              = 4194304000                                {product} {ergonomic}
   size_t MaxNewSize                               = 2516582400                                {product} {ergonomic}
   size_t MinHeapDeltaBytes                        = 1048576                                   {product} {ergonomic}
    uintx NonNMethodCodeHeapSize                   = 7594288                                {pd product} {ergonomic}
    uintx NonProfiledCodeHeapSize                  = 122031976                              {pd product} {ergonomic}
    uintx ProfiledCodeHeapSize                     = 122031976                              {pd product} {ergonomic}
    uintx ReservedCodeCacheSize                    = 251658240                              {pd product} {ergonomic}
     bool SegmentedCodeCache                       = true                                      {product} {ergonomic}
     bool UseCompressedClassPointers               = true                                 {lp64_product} {ergonomic}
     bool UseCompressedOops                        = true                                 {lp64_product} {ergonomic}
     bool UseG1GC                                  = true                                      {product} {ergonomic}
     bool UseLargePagesIndividualAllocation        = false                                  {pd product} {ergonomic}

Logging:
Log output configuration:
 #0: stdout all=warning uptime,level,tags
 #1: stderr all=off uptime,level,tags

Environment Variables:
JAVA_HOME=C:\Program Files\Unity\Hub\Editor\2022.3.21f1\Editor\Data\PlaybackEngines\AndroidPlayer\OpenJDK
JAVA_TOOL_OPTIONS=-Dfile.encoding=UTF-8
CLASSPATH=C:\Program Files\Unity\Hub\Editor\2022.3.21f1\Editor\Data\PlaybackEngines\AndroidPlayer\SDK\cmdline-tools\6.0\bin\..\lib\sdkmanager-classpath.jar
PATH=C:\Program Files\Oculus\Support\oculus-runtime;C:\Program Files\Common Files\Oracle\Java\javapath;C:\Program Files (x86)\Windows Resource Kits\Tools\;C:\Windows\system32;C:\Windows;C:\Windows\System32\Wbem;C:\Windows\System32\WindowsPowerShell\v1.0\;C:\Windows\System32\OpenSSH\;C:\WINDOWS\system32;C:\WINDOWS;C:\WINDOWS\System32\Wbem;C:\WINDOWS\System32\WindowsPowerShell\v1.0\;C:\WINDOWS\System32\OpenSSH\;C:\Program Files\Git LFS;C:\Program Files\MySQL\MySQL Server 8.0\bin;C:\Program Files\Git\cmd;C:\Program Files\nodejs\;C:\Program Files\MySQL\MySQL Shell 8.0\bin\;C:\Users\abc01\AppData\Local\Microsoft\WindowsApps;C:\Users\abc01\.dotnet\tools;C:\Users\abc01\AppData\Local\Programs\Microsoft VS Code\bin;C:\ProgramData\abc01\GitHubDesktop\bin;C:\Users\abc01\AppData\Local\JetBrains\Toolbox\scripts;C:\Users\abc01\AppData\Roaming\npm
USERNAME=abc01
OS=Windows_NT
PROCESSOR_IDENTIFIER=Intel64 Family 6 Model 154 Stepping 3, GenuineIntel



---------------  S Y S T E M  ---------------

OS: Windows 11 , 64 bit Build 22621 (10.0.22621.3374)
OS uptime: 4 days 21:32 hours

CPU:total 16 (initial active 16) (8 cores per cpu, 2 threads per core) family 6 model 154 stepping 3 microcode 0x423, cmov, cx8, fxsr, mmx, sse, sse2, sse3, ssse3, sse4.1, sse4.2, popcnt, avx, avx2, aes, clmul, erms, 3dnowpref, lzcnt, ht, tsc, tscinvbit, bmi1, bmi2, adx, sha, fma

Memory: 4k page, system-wide physical 15997M (733M free)
TotalPageFile size 24189M (AvailPageFile size 0M)
current process WorkingSet (physical memory assigned to process): 155M, peak: 163M
current process commit charge ("private bytes"): 409M, peak: 415M

vm_info: OpenJDK 64-Bit Server VM (11.0.14.1+1) for windows-amd64 JRE (11.0.14.1+1), built on Feb  9 2022 01:48:27 by "" with unknown MS VC++:1916

END.
